d:\umabcio\project\umabcio\x64\release\vc120.pdb
d:\umabcio\out\x64\release\umabcio.exe
d:\umabcio\out\x64\release\umabcio.pdb
d:\umabcio\project\umabcio\x64\release\umabccamera.obj
d:\umabcio\project\umabcio\x64\release\umabccurve.obj
d:\umabcio\project\umabcio\x64\release\umabcmesh.obj
d:\umabcio\project\umabcio\x64\release\umabcnurbspatch.obj
d:\umabcio\project\umabcio\x64\release\umabcobject.obj
d:\umabcio\project\umabcio\x64\release\umabcpoint.obj
d:\umabcio\project\umabcio\x64\release\umabcscene.obj
d:\umabcio\project\umabcio\x64\release\umabcsoftwareio.obj
d:\umabcio\project\umabcio\x64\release\umabcxform.obj
d:\umabcio\project\umabcio\x64\release\umbox.obj
d:\umabcio\project\umabcio\x64\release\umcamera.obj
d:\umabcio\project\umabcio\x64\release\umcurve.obj
d:\umabcio\project\umabcio\x64\release\umlight.obj
d:\umabcio\project\umabcio\x64\release\umline.obj
d:\umabcio\project\umabcio\x64\release\ummain.obj
d:\umabcio\project\umabcio\x64\release\ummaterial.obj
d:\umabcio\project\umabcio\x64\release\ummesh.obj
d:\umabcio\project\umabcio\x64\release\umpath.obj
d:\umabcio\project\umabcio\x64\release\umpoint.obj
d:\umabcio\project\umabcio\x64\release\umscene.obj
d:\umabcio\project\umabcio\x64\release\umshaderentry.obj
d:\umabcio\project\umabcio\x64\release\umtime.obj
d:\umabcio\out/x64/release\umabcio.pdb
d:\umabcio\project\umabcio\x64\release\umabcio.tlog\cl.command.1.tlog
d:\umabcio\project\umabcio\x64\release\umabcio.tlog\cl.read.1.tlog
d:\umabcio\project\umabcio\x64\release\umabcio.tlog\cl.write.1.tlog
d:\umabcio\project\umabcio\x64\release\umabcio.tlog\link.command.1.tlog
d:\umabcio\project\umabcio\x64\release\umabcio.tlog\link.read.1.tlog
d:\umabcio\project\umabcio\x64\release\umabcio.tlog\link.write.1.tlog
