d:\umabcio\project\umabcio\win32\debug\vc120.pdb
d:\umabcio\project\umabcio\win32\debug\vc120.idb
d:\umabcio\project\umabcio\win32\debug\umbox.obj
d:\umabcio\project\umabcio\win32\debug\umpath.obj
d:\umabcio\project\umabcio\win32\debug\umtime.obj
d:\umabcio\project\umabcio\win32\debug\umcamera.obj
d:\umabcio\project\umabcio\win32\debug\umcurve.obj
d:\umabcio\project\umabcio\win32\debug\umlight.obj
d:\umabcio\project\umabcio\win32\debug\umline.obj
d:\umabcio\project\umabcio\win32\debug\ummaterial.obj
d:\umabcio\project\umabcio\win32\debug\ummesh.obj
d:\umabcio\project\umabcio\win32\debug\umpoint.obj
d:\umabcio\project\umabcio\win32\debug\umshaderentry.obj
d:\umabcio\project\umabcio\win32\debug\ummain.obj
d:\umabcio\project\umabcio\win32\debug\umabcobject.obj
d:\umabcio\project\umabcio\win32\debug\umscene.obj
d:\umabcio\project\umabcio\win32\debug\umabccamera.obj
d:\umabcio\project\umabcio\win32\debug\umabccurve.obj
d:\umabcio\project\umabcio\win32\debug\umabcmesh.obj
d:\umabcio\project\umabcio\win32\debug\umabcnurbspatch.obj
d:\umabcio\project\umabcio\win32\debug\umabcpoint.obj
d:\umabcio\project\umabcio\win32\debug\umabcscene.obj
d:\umabcio\project\umabcio\win32\debug\umabcsoftwareio.obj
d:\umabcio\project\umabcio\win32\debug\umabcxform.obj
d:\umabcio\out\win32\debug\umabcio.ilk
d:\umabcio\out\win32\debug\umabcio.exe
d:\umabcio\out\win32\debug\umabcio.pdb
d:\umabcio\out/win32/debug\umabcio.pdb
d:\umabcio\out/win32/debug\umabcio.exe
d:\umabcio\out/win32/debug\umabcio.ilk
d:\umabcio\project\umabcio\win32\debug\umabcio.tlog\cl.command.1.tlog
d:\umabcio\project\umabcio\win32\debug\umabcio.tlog\cl.read.1.tlog
d:\umabcio\project\umabcio\win32\debug\umabcio.tlog\cl.write.1.tlog
d:\umabcio\project\umabcio\win32\debug\umabcio.tlog\link.command.1.tlog
d:\umabcio\project\umabcio\win32\debug\umabcio.tlog\link.read.1.tlog
d:\umabcio\project\umabcio\win32\debug\umabcio.tlog\link.write.1.tlog
